2026-04-30 18:37:52  === Git Auto Backup Started ===
2026-04-30 18:37:52  Repository: D:\walk
2026-04-30 18:37:52  
2026-04-30 18:37:56  [BACKUP] 2 changed file(s).
2026-04-30 18:37:56  [STASH] Saved.
2026-04-30 18:37:57  [POP] Restored.
2026-04-30 18:38:03  [DONE] Pushed.
2026-04-30 18:43:04  [BACKUP] 1 changed file(s).
2026-04-30 18:43:05  [STASH] Saved.
2026-04-30 18:43:05  [POP] Restored.
2026-04-30 18:43:09  [DONE] Pushed.
2026-04-30 18:48:10  [CHECK] No local changes.
2026-04-30 18:53:22  [CHECK] No local changes.
2026-04-30 18:58:23  [CHECK] No local changes.
2026-04-30 19:03:25  [BACKUP] 1 changed file(s).
2026-04-30 19:03:25  [ERROR] git stash failed
2026-04-30 19:08:26  [CHECK] No local changes.
2026-04-30 19:13:27  [CHECK] No local changes.
2026-04-30 19:18:28  [CHECK] No local changes.
2026-05-01 15:10:41  [CHECK] No local changes.
2026-05-01 15:16:33  [CHECK] No local changes.
2026-05-01 15:21:34  [CHECK] No local changes.
2026-05-01 15:26:35  [CHECK] No local changes.
2026-05-01 15:31:37  [CHECK] No local changes.
2026-05-01 15:36:38  [CHECK] No local changes.
2026-05-01 15:41:39  [CHECK] No local changes.
2026-05-01 15:46:40  [CHECK] No local changes.
2026-05-01 15:51:41  [CHECK] No local changes.
2026-05-01 15:56:42  [CHECK] No local changes.
2026-05-01 16:01:57  [CHECK] No local changes.
2026-05-01 16:06:59  [CHECK] No local changes.
2026-05-01 16:12:01  [CHECK] No local changes.
2026-05-01 16:17:01  [CHECK] No local changes.
2026-05-01 16:22:03  [CHECK] No local changes.
2026-05-01 16:27:04  [CHECK] No local changes.
2026-05-01 16:32:06  [BACKUP] 8 changed file(s).
2026-05-01 16:32:06  [ERROR] git stash failed
2026-05-01 16:37:07  [BACKUP] 8 changed file(s).
2026-05-01 16:37:07  [ERROR] git stash failed
2026-05-01 16:42:08  [CHECK] No local changes.
2026-05-01 16:47:09  [CHECK] No local changes.
2026-05-01 16:52:10  [CHECK] No local changes.
2026-05-01 16:57:11  [CHECK] No local changes.
2026-05-01 17:02:12  [CHECK] No local changes.
2026-05-01 17:07:13  [CHECK] No local changes.
2026-05-01 17:12:14  [CHECK] No local changes.
2026-05-01 17:17:15  [CHECK] No local changes.
2026-05-01 17:22:15  [CHECK] No local changes.
2026-05-01 17:27:16  [CHECK] No local changes.
2026-05-01 17:32:17  [CHECK] No local changes.
2026-05-01 17:37:18  [CHECK] No local changes.
2026-05-01 17:42:20  [CHECK] No local changes.
2026-05-01 17:47:20  [BACKUP] 1 changed file(s).
2026-05-01 17:47:21  [ERROR] git stash failed
2026-05-01 17:52:22  [CHECK] No local changes.
2026-05-01 17:57:23  [CHECK] No local changes.
2026-05-01 18:02:41  [CHECK] No local changes.
2026-05-01 18:07:42  [CHECK] No local changes.
2026-05-01 18:12:43  [CHECK] No local changes.
2026-05-01 18:17:44  [CHECK] No local changes.
2026-05-01 18:22:45  [CHECK] No local changes.
2026-05-01 18:27:46  [CHECK] No local changes.
2026-05-01 18:32:47  [CHECK] No local changes.
2026-05-01 18:37:47  [CHECK] No local changes.
2026-05-01 18:42:51  [CHECK] No local changes.
2026-05-01 18:47:52  [CHECK] No local changes.
2026-05-01 18:52:53  [CHECK] No local changes.
2026-05-01 18:57:56  [CHECK] No local changes.
2026-05-01 19:02:57  [CHECK] No local changes.
2026-05-01 19:08:00  [CHECK] No local changes.
2026-05-01 19:13:06  [CHECK] No local changes.
2026-05-01 19:18:10  [CHECK] No local changes.
2026-05-01 19:23:22  [CHECK] No local changes.
2026-05-01 19:28:32  [CHECK] No local changes.
2026-05-01 19:33:37  [CHECK] No local changes.
2026-05-01 19:38:40  [CHECK] No local changes.
2026-05-01 22:07:27  [CHECK] No local changes.
